[    1260ms] [ERROR] Failed to load resource: the server responded with a status of 500 (Internal Server Error) @ http://localhost:51511/company-profile:0
[    1441ms] ModuleBuildError: Module build failed (from ./node_modules/next/dist/build/webpack/loaders/next-swc-loader.js):
Error: 
  × Unexpected character '‘'
    ╭─[C:\Users\Admin\Desktop\apps\Pico Stock\app\company-profile\page.js:41:1]
 41 │ 
 42 │ const portfolioHighlights = [
 43 │     {
 44 │         title: ‘Events Portfolio’,
    ·                ▲
 45 │         description: ‘A Bahrain-focused overview of event environments, client-facing experiences, and delivery capabilities across live projects.’,
 46 │         image: ‘/company/portfolio-events.png’,
 47 │         href: ‘https://u.pcloud.link/publink/show?code=XZOwzq5ZCX8ABOA4HHRp92vxfuoa80RX7bRV’,
    ╰────


Caused by:
    Syntax Error
    at processResult (file://C:\Users\Admin\Desktop\apps\Pico Stock\node_modules\next\dist\compiled\webpack\bundle5.js:28:400590)
    at <unknown> (file://C:\Users\Admin\Desktop\apps\Pico Stock\node_modules\next\dist\compiled\webpack\bundle5.js:28:402302)
    at <unknown> (file://C:\Users\Admin\Desktop\apps\Pico Stock\node_modules\next\dist\compiled\loader-runner\LoaderRunner.js:1:8645)
    at <unknown> (file://C:\Users\Admin\Desktop\apps\Pico Stock\node_modules\next\dist\compiled\loader-runner\LoaderRunner.js:1:5019)
    at r.callback (file://C:\Users\Admin\Desktop\apps\Pico Stock\node_modules\next\dist\compiled\loader-runner\LoaderRunner.js:1:4039)
[    1443ms] [ERROR] ./app/company-profile/page.js
Error: 
  × Unexpected character '‘'
    ╭─[C:\Users\Admin\Desktop\apps\Pico Stock\app\company-profile\page.js:41:1]
 41 │ 
 42 │ const portfolioHighlights = [
 43 │     {
 44 │         title: ‘Events Portfolio’,
    ·                ▲
 45 │         description: ‘A Bahrain-focused overview of event environments, client-facing experiences, and delivery capabilities across live projects.’,
 46 │         image: ‘/company/portfolio-events.png’,
 47 │         href: ‘https://u.pcloud.link/publink/show?code=XZOwzq5ZCX8ABOA4HHRp92vxfuoa80RX7bRV’,
    ╰────

Caused by:
    Syntax Error @ webpack-internal:///./node_modules/next/dist/client/components/react-dev-overlay/internal/helpers/hydration-error-info.js:62
[    1453ms] [ERROR] Failed to load resource: the server responded with a status of 404 (Not Found) @ http://localhost:51511/favicon.ico:0
[    1531ms] [ERROR] ./app/company-profile/page.js
Error: 
  × Unexpected character '‘'
    ╭─[C:\Users\Admin\Desktop\apps\Pico Stock\app\company-profile\page.js:41:1]
 41 │ 
 42 │ const portfolioHighlights = [
 43 │     {
 44 │         title: ‘Events Portfolio’,
    ·                ▲
 45 │         description: ‘A Bahrain-focused overview of event environments, client-facing experiences, and delivery capabilities across live projects.’,
 46 │         image: ‘/company/portfolio-events.png’,
 47 │         href: ‘https://u.pcloud.link/publink/show?code=XZOwzq5ZCX8ABOA4HHRp92vxfuoa80RX7bRV’,
    ╰────

Caused by:
    Syntax Error @ webpack-internal:///./node_modules/next/dist/client/components/react-dev-overlay/internal/helpers/hydration-error-info.js:62
[   44471ms] [ERROR] ./app/company-profile/page.js
Error: 
  × Unexpected character '‘'
    ╭─[C:\Users\Admin\Desktop\apps\Pico Stock\app\company-profile\page.js:41:1]
 41 │ 
 42 │ const portfolioHighlights = [
 43 │     {
 44 │         title: ‘Events Portfolio’,
    ·                ▲
 45 │         description: ‘A Bahrain-focused overview of event environments, client-facing experiences, and delivery capabilities across live projects.’,
 46 │         image: ‘/company/portfolio-events.png’,
 47 │         href: ‘https://u.pcloud.link/publink/show?code=XZOwzq5ZCX8ABOA4HHRp92vxfuoa80RX7bRV’,
    ╰────

Caused by:
    Syntax Error

Import trace for requested module:
./app/company-profile/page.js @ webpack-internal:///./node_modules/next/dist/client/components/react-dev-overlay/internal/helpers/hydration-error-info.js:62
[   44548ms] [ERROR] ./app/company-profile/page.js
Error: 
  × Unexpected character '‘'
    ╭─[C:\Users\Admin\Desktop\apps\Pico Stock\app\company-profile\page.js:41:1]
 41 │ 
 42 │ const portfolioHighlights = [
 43 │     {
 44 │         title: ‘Events Portfolio’,
    ·                ▲
 45 │         description: ‘A Bahrain-focused overview of event environments, client-facing experiences, and delivery capabilities across live projects.’,
 46 │         image: ‘/company/portfolio-events.png’,
 47 │         href: ‘https://u.pcloud.link/publink/show?code=XZOwzq5ZCX8ABOA4HHRp92vxfuoa80RX7bRV’,
    ╰────

Caused by:
    Syntax Error

Import trace for requested module:
./app/company-profile/page.js @ webpack-internal:///./node_modules/next/dist/client/components/react-dev-overlay/internal/helpers/hydration-error-info.js:62
[   44564ms] [ERROR] Failed to load resource: the server responded with a status of 500 (Internal Server Error) @ http://localhost:51511/_next/static/webpack/67401f94706abb11.webpack.hot-update.json:0
[   44564ms] [WARNING] [Fast Refresh] performing full reload

Fast Refresh will perform a full reload when you edit a file that's imported by modules outside of the React rendering tree.
You might have a file which exports a React component but also exports a value that is imported by a non-React component file.
Consider migrating the non-React component export to a separate file and importing it into both files.

It is also possible the parent component of the component you edited is a class component, which disables Fast Refresh.
Fast Refresh requires at least one parent function component in your React tree. @ webpack-internal:///./node_modules/next/dist/client/components/react-dev-overlay/pages/hot-reloader-client.js:347
[   44586ms] [ERROR] Failed to load resource: the server responded with a status of 500 (Internal Server Error) @ http://localhost:51511/company-profile:0
[   44686ms] ModuleBuildError: Module build failed (from ./node_modules/next/dist/build/webpack/loaders/next-swc-loader.js):
Error: 
  × Unexpected character '‘'
    ╭─[C:\Users\Admin\Desktop\apps\Pico Stock\app\company-profile\page.js:41:1]
 41 │ 
 42 │ const portfolioHighlights = [
 43 │     {
 44 │         title: ‘Events Portfolio’,
    ·                ▲
 45 │         description: ‘A Bahrain-focused overview of event environments, client-facing experiences, and delivery capabilities across live projects.’,
 46 │         image: ‘/company/portfolio-events.png’,
 47 │         href: ‘https://u.pcloud.link/publink/show?code=XZOwzq5ZCX8ABOA4HHRp92vxfuoa80RX7bRV’,
    ╰────


Caused by:
    Syntax Error
    at processResult (file://C:\Users\Admin\Desktop\apps\Pico Stock\node_modules\next\dist\compiled\webpack\bundle5.js:28:400590)
    at <unknown> (file://C:\Users\Admin\Desktop\apps\Pico Stock\node_modules\next\dist\compiled\webpack\bundle5.js:28:402302)
    at <unknown> (file://C:\Users\Admin\Desktop\apps\Pico Stock\node_modules\next\dist\compiled\loader-runner\LoaderRunner.js:1:8645)
    at <unknown> (file://C:\Users\Admin\Desktop\apps\Pico Stock\node_modules\next\dist\compiled\loader-runner\LoaderRunner.js:1:5019)
    at r.callback (file://C:\Users\Admin\Desktop\apps\Pico Stock\node_modules\next\dist\compiled\loader-runner\LoaderRunner.js:1:4039)
[   44688ms] [ERROR] ./app/company-profile/page.js
Error: 
  × Unexpected character '‘'
    ╭─[C:\Users\Admin\Desktop\apps\Pico Stock\app\company-profile\page.js:41:1]
 41 │ 
 42 │ const portfolioHighlights = [
 43 │     {
 44 │         title: ‘Events Portfolio’,
    ·                ▲
 45 │         description: ‘A Bahrain-focused overview of event environments, client-facing experiences, and delivery capabilities across live projects.’,
 46 │         image: ‘/company/portfolio-events.png’,
 47 │         href: ‘https://u.pcloud.link/publink/show?code=XZOwzq5ZCX8ABOA4HHRp92vxfuoa80RX7bRV’,
    ╰────

Caused by:
    Syntax Error @ webpack-internal:///./node_modules/next/dist/client/components/react-dev-overlay/internal/helpers/hydration-error-info.js:62
[  229478ms] [ERROR] ./app/company-profile/page.js
Error: 
  × Unexpected character '‘'
    ╭─[C:\Users\Admin\Desktop\apps\Pico Stock\app\company-profile\page.js:41:1]
 41 │ 
 42 │ const portfolioHighlights = [
 43 │     {
 44 │         title: ‘Events Portfolio’,
    ·                ▲
 45 │         description: ‘A Bahrain-focused overview of event environments, client-facing experiences, and delivery capabilities across live projects.’,
 46 │         image: ‘/company/portfolio-events.png’,
 47 │         href: ‘https://u.pcloud.link/publink/show?code=XZOwzq5ZCX8ABOA4HHRp92vxfuoa80RX7bRV’,
    ╰────

Caused by:
    Syntax Error @ webpack-internal:///./node_modules/next/dist/client/components/react-dev-overlay/internal/helpers/hydration-error-info.js:62
